<?xml version="1.0" encoding="UTF-8"?>
<testsuite xmlns:xsi="http://www.w3.org/2001/XMLSchema-instance" xsi:noNamespaceSchemaLocation="https://maven.apache.org/surefire/maven-surefire-plugin/xsd/surefire-test-report.xsd" name="TemperatureConverterTest" time="0.054" tests="10" errors="0" skipped="0" failures="0">
  <properties>
[...]
</properties>
  <testcase name="isNotIsExtremeTemperaturePositive" classname="TemperatureConverterTest" time="0.025"/>
  <testcase name="isNotIsExtremeTemperatureNegative" classname="TemperatureConverterTest" time="0.001"/>
  <testcase name="canConvertToCelsiusPositive" classname="TemperatureConverterTest" time="0.001"/>
  <testcase name="canConvertToCelsiusNegative" classname="TemperatureConverterTest" time="0.001"/>
  <testcase name="canConvertToCelsiusFromKelvinPositive" classname="TemperatureConverterTest" time="0.001"/>
  <testcase name="canConvertToCelsiusFromKelvinNegative" classname="TemperatureConverterTest" time="0.002"/>
  <testcase name="canConvertToFahrenheitPositive" classname="TemperatureConverterTest" time="0.001"/>
  <testcase name="isIsExtremeTemperaturePositive" classname="TemperatureConverterTest" time="0.001"/>
  <testcase name="canConvertToFahrenheitNegative" classname="TemperatureConverterTest" time="0.001"/>
  <testcase name="isIsExtremeTemperatureNegative" classname="TemperatureConverterTest" time="0"/>
</testsuite>